<?xml version="1.0" encoding="UTF-8"?>
<!-- Generated by org.testng.reporters.JUnitXMLReporter -->
<testsuite hostname="ip-172-31-32-197" ignored="0" name="Default test" tests="2" failures="0" timestamp="2021-05-08T17:28:49 UTC" time="11.545" errors="0">
  <testcase name="testAmazonHomePageTitleTest" time="0.054" classname="com.ecom.webapp.AmazonHomePageTest"/>
  <testcase name="testAmazonSourceURL" time="0.046" classname="com.ecom.webapp.AmazonHomePageTest"/>
</testsuite> <!-- Default test -->
