<?xml version="1.0" encoding="UTF-8"?>
<testng-results skipped="0" failed="0" ignored="0" total="2" passed="2">
  <reporter-output>
  </reporter-output>
  <suite name="Default suite" duration-ms="11545" started-at="2021-05-08T17:28:37 UTC" finished-at="2021-05-08T17:28:49 UTC">
    <groups>
    </groups>
    <test name="Default test" duration-ms="11545" started-at="2021-05-08T17:28:37 UTC" finished-at="2021-05-08T17:28:49 UTC">
      <class name="com.ecom.webapp.AmazonHomePageTest">
        <test-method status="PASS" signature="beforeMethod()[pri:0, instance:com.ecom.webapp.AmazonHomePageTest@3fd7a715]" name="beforeMethod" is-config="true" duration-ms="4892" started-at="2021-05-08T17:28:37 UTC" finished-at="2021-05-08T17:28:42 UTC">
          <reporter-output>
          </reporter-output>
        </test-method> <!-- beforeMethod -->
        <test-method status="PASS" signature="testAmazonHomePageTitleTest()[pri:0, instance:com.ecom.webapp.AmazonHomePageTest@3fd7a715]" name="testAmazonHomePageTitleTest" duration-ms="54" started-at="2021-05-08T17:28:42 UTC" finished-at="2021-05-08T17:28:42 UTC">
          <reporter-output>
          </reporter-output>
        </test-method> <!-- testAmazonHomePageTitleTest -->
        <test-method status="PASS" signature="afterMethod()[pri:0, instance:com.ecom.webapp.AmazonHomePageTest@3fd7a715]" name="afterMethod" is-config="true" duration-ms="1556" started-at="2021-05-08T17:28:42 UTC" finished-at="2021-05-08T17:28:44 UTC">
          <reporter-output>
          </reporter-output>
        </test-method> <!-- afterMethod -->
        <test-method status="PASS" signature="beforeMethod()[pri:0, instance:com.ecom.webapp.AmazonHomePageTest@3fd7a715]" name="beforeMethod" is-config="true" duration-ms="3686" started-at="2021-05-08T17:28:44 UTC" finished-at="2021-05-08T17:28:47 UTC">
          <reporter-output>
          </reporter-output>
        </test-method> <!-- beforeMethod -->
        <test-method status="PASS" signature="testAmazonSourceURL()[pri:0, instance:com.ecom.webapp.AmazonHomePageTest@3fd7a715]" name="testAmazonSourceURL" duration-ms="46" started-at="2021-05-08T17:28:47 UTC" finished-at="2021-05-08T17:28:47 UTC">
          <reporter-output>
          </reporter-output>
        </test-method> <!-- testAmazonSourceURL -->
        <test-method status="PASS" signature="afterMethod()[pri:0, instance:com.ecom.webapp.AmazonHomePageTest@3fd7a715]" name="afterMethod" is-config="true" duration-ms="1231" started-at="2021-05-08T17:28:47 UTC" finished-at="2021-05-08T17:28:49 UTC">
          <reporter-output>
          </reporter-output>
        </test-method> <!-- afterMethod -->
      </class> <!-- com.ecom.webapp.AmazonHomePageTest -->
    </test> <!-- Default test -->
  </suite> <!-- Default suite -->
</testng-results>
