<?xml version="1.0" encoding="UTF-8"?>
<testng-results skipped="0" failed="0" ignored="0" total="3" passed="3">
  <reporter-output>
  </reporter-output>
  <suite name="Default suite" duration-ms="10323" started-at="2021-05-09T15:39:36 UTC" finished-at="2021-05-09T15:39:46 UTC">
    <groups>
      <group name="FireFoxOnly">
        <method signature="SoftAssertWithFaceBookLogin.launchFireFoxTest()[pri:0, instance:com.ecom.webapp.SoftAssertWithFaceBookLogin@711f39f9]" name="launchFireFoxTest" class="com.ecom.webapp.SoftAssertWithFaceBookLogin"/>
        <method signature="SoftAssertWithFaceBookLogin.testFacebookHomePageTitle()[pri:1, instance:com.ecom.webapp.SoftAssertWithFaceBookLogin@711f39f9]" name="testFacebookHomePageTitle" class="com.ecom.webapp.SoftAssertWithFaceBookLogin"/>
        <method signature="SoftAssertWithFaceBookLogin.testFacebookLogin()[pri:1, instance:com.ecom.webapp.SoftAssertWithFaceBookLogin@711f39f9]" name="testFacebookLogin" class="com.ecom.webapp.SoftAssertWithFaceBookLogin"/>
      </group> <!-- FireFoxOnly -->
    </groups>
    <test name="Default test" duration-ms="10323" started-at="2021-05-09T15:39:36 UTC" finished-at="2021-05-09T15:39:46 UTC">
      <class name="com.ecom.webapp.SoftAssertWithFaceBookLogin">
        <test-method status="PASS" signature="launchFireFoxTest()[pri:0, instance:com.ecom.webapp.SoftAssertWithFaceBookLogin@711f39f9]" name="launchFireFoxTest" duration-ms="3929" started-at="2021-05-09T15:39:36 UTC" finished-at="2021-05-09T15:39:40 UTC">
          <reporter-output>
          </reporter-output>
        </test-method> <!-- launchFireFoxTest -->
        <test-method status="PASS" signature="testFacebookHomePageTitle()[pri:1, instance:com.ecom.webapp.SoftAssertWithFaceBookLogin@711f39f9]" name="testFacebookHomePageTitle" duration-ms="36" started-at="2021-05-09T15:39:40 UTC" depends-on-methods="com.ecom.webapp.SoftAssertWithFaceBookLogin.launchFireFoxTest" finished-at="2021-05-09T15:39:40 UTC">
          <reporter-output>
          </reporter-output>
        </test-method> <!-- testFacebookHomePageTitle -->
        <test-method status="PASS" signature="testFacebookLogin()[pri:1, instance:com.ecom.webapp.SoftAssertWithFaceBookLogin@711f39f9]" name="testFacebookLogin" duration-ms="6296" started-at="2021-05-09T15:39:40 UTC" depends-on-methods="com.ecom.webapp.SoftAssertWithFaceBookLogin.launchFireFoxTest" finished-at="2021-05-09T15:39:46 UTC">
          <reporter-output>
          </reporter-output>
        </test-method> <!-- testFacebookLogin -->
      </class> <!-- com.ecom.webapp.SoftAssertWithFaceBookLogin -->
    </test> <!-- Default test -->
  </suite> <!-- Default suite -->
</testng-results>
